Time for screening with MACD: 6.9 (s)
Number of screened stocks: 110
     Sector      Code  Name            ChagesRatio        Marcap  MACD
---  --------  ------  ------------  -------------  ------------  --------------------------
 76  AI        163280  에어레인              -1.43  169218132300  2. 상승 추세 / 눌림목
106  AI        456010  아이씨티케이           0.58  254053396680  2. 상승 추세 / 눌림목
 94  AI        304100  솔트룩스              11.88  422750294800  1. 상승 추세 / 추세 확대중
     Sector          Code  Name                ChagesRatio         Marcap  MACD
---  ------------  ------  ----------------  -------------  -------------  --------------------------
 87  IT소프트웨어  263860  지니언스                  -0.4    159982552000  2. 상승 추세 / 눌림목
 75  IT소프트웨어  143240  사람인                     0.28   168496294570  2. 상승 추세 / 눌림목
 59  IT소프트웨어  067280  멀티캠퍼스                 0.3    195583707000  2. 상승 추세 / 눌림목
 52  IT소프트웨어  053800  안랩                       1.13   696519275600  2. 상승 추세 / 눌림목
 78  IT소프트웨어  181710  NHN                        1.15   651010851440  1. 상승 추세 / 추세 확대중
107  IT소프트웨어  484870  엠앤씨솔루션               1.55  1198245510000  2. 상승 추세 / 눌림목
 68  IT소프트웨어  093320  케이아이엔엑스             3      385520000000  2. 상승 추세 / 눌림목
 72  IT소프트웨어  131370  알서포트                   3.07   178977398880  1. 상승 추세 / 추세 확대중
 69  IT소프트웨어  094480  갤럭시아머니트리           3.6    338945800320  2. 상승 추세 / 눌림목
 91  IT소프트웨어  294570  쿠콘                       4.49   226628538500  1. 상승 추세 / 추세 확대중
 50  IT소프트웨어  052400  코나아이                   4.6    661901575950  1. 상승 추세 / 추세 확대중
103  IT소프트웨어  413640  비아이매트릭스             5.63   101473715200  2. 상승 추세 / 눌림목
 77  IT소프트웨어  163730  핑거                       6.94   111169766960  1. 상승 추세 / 추세 확대중
 51  IT소프트웨어  053580  웹케시                    21.72   247634263680  2. 상승 추세 / 눌림목
 67  IT소프트웨어  088340  유라클                    29.95   105901052400  2. 상승 추세 / 눌림목
    Sector               Code  Name            ChagesRatio        Marcap  MACD
--  -----------------  ------  ------------  -------------  ------------  --------------------------
48  IT하드웨어/반도체  045660  에이텍                -2.89  160822200000  2. 상승 추세 / 눌림목
71  IT하드웨어/반도체  127120  제이에스링크           7.41  250359774720  1. 상승 추세 / 추세 확대중
    Sector      Code  Name               ChagesRatio         Marcap  MACD
--  --------  ------  ---------------  -------------  -------------  --------------------------
46  건설      042940  상지건설                -10.02   126262884880  1. 상승 추세 / 추세 확대중
32  건설      025950  동신건설                 -3.07   304920000000  2. 상승 추세 / 눌림목
21  건설      013360  일성건설                 -2.16   122366353200  2. 상승 추세 / 눌림목
34  건설      026150  특수건설                 -1.74   128439142920  2. 상승 추세 / 눌림목
22  건설      013580  계룡건설                 -1.66   184869774900  1. 상승 추세 / 추세 확대중
84  건설      225530  보광산업                 -0.26   142084422570  2. 상승 추세 / 눌림목
92  건설      294870  HDC현대산업개발          -0.21  1538936155500  2. 상승 추세 / 눌림목
 0  건설      000720  현대건설                  2.98  7316073760500  2. 상승 추세 / 눌림목
    Sector      Code  Name            ChagesRatio        Marcap  MACD
--  --------  ------  ------------  -------------  ------------  --------------------------
 3  건자재    002030  아세아                -0.7   592937830000  2. 상승 추세 / 눌림목
55  건자재    060560  홈센타홀딩스          -0.25  103795323825  2. 상승 추세 / 눌림목
11  건자재    007110  일신석재               0     161497031850  2. 상승 추세 / 눌림목
89  건자재    285490  노바텍                 0.4   186980692080  1. 상승 추세 / 추세 확대중
18  건자재    011390  부산산업               1.8   107606400000  2. 상승 추세 / 눌림목
 8  건자재    004980  성신양회               1.95  217702728240  1. 상승 추세 / 추세 확대중
    Sector      Code  Name            ChagesRatio          Marcap  MACD
--  --------  ------  ------------  -------------  --------------  ---------------------
86  게임      259960  크래프톤              -0.27  17633897232000  2. 상승 추세 / 눌림목
79  게임      194480  데브시스터즈           5.55    522080820000  2. 상승 추세 / 눌림목
    Sector      Code  Name              ChagesRatio        Marcap  MACD
--  --------  ------  --------------  -------------  ------------  --------------------------
 1  기타      001020  페이퍼코리아             0.55  129749835177  1. 상승 추세 / 추세 확대중
82  기타      215200  메가스터디교육           1.15  570857011000  1. 상승 추세 / 추세 확대중
     Sector      Code  Name            ChagesRatio        Marcap  MACD
---  --------  ------  ------------  -------------  ------------  ---------------------
100  로봇      388720  유일로보틱스           5.35  858930344800  2. 상승 추세 / 눌림목
    Sector      Code  Name          ChagesRatio        Marcap  MACD
--  --------  ------  ----------  -------------  ------------  ---------------------
60  미디어    068290  삼성출판사          -6.63  169100000000  2. 상승 추세 / 눌림목
61  미디어    068930  디지털대성           0.13  213376886820  2. 상승 추세 / 눌림목
53  미디어    058400  KNN                  0.26  101176306080  2. 상승 추세 / 눌림목
    Sector      Code  Name      ChagesRatio        Marcap  MACD
--  --------  ------  ------  -------------  ------------  ---------------------
97  미용기기  336570  원텍            10.43  918538653240  2. 상승 추세 / 눌림목
     Sector                  Code  Name                      ChagesRatio         Marcap  MACD
---  --------------------  ------  ----------------------  -------------  -------------  --------------------------
  5  바이오/제약/신약개발  002630  오리엔트바이오                  -5.17   132575799590  1. 상승 추세 / 추세 확대중
 73  바이오/제약/신약개발  138610  나이벡                          -2.97   378410256700  1. 상승 추세 / 추세 확대중
109  바이오/제약/신약개발  950160  코오롱티슈진                    -2.96  3215077627000  2. 상승 추세 / 눌림목
 74  바이오/제약/신약개발  140410  메지온                          -1.5   1185289930000  2. 상승 추세 / 눌림목
 90  바이오/제약/신약개발  293480  하나제약                        -1.18   207765738740  2. 상승 추세 / 눌림목
 66  바이오/제약/신약개발  087010  펩트론                          -1.08  5358390500000  2. 상승 추세 / 눌림목
 45  바이오/제약/신약개발  041960  코미팜                          -0.94   380309070750  1. 상승 추세 / 추세 확대중
 65  바이오/제약/신약개발  086900  메디톡스                        -0.41  1229066894800  2. 상승 추세 / 눌림목
 93  바이오/제약/신약개발  298380  에이비엘바이오                   0.12  3916210164900  1. 상승 추세 / 추세 확대중
 56  바이오/제약/신약개발  063160  종근당바이오                     0.66   125079933600  2. 상승 추세 / 눌림목
 12  바이오/제약/신약개발  007390  네이처셀                         1.54  1701085478400  2. 상승 추세 / 눌림목
 10  바이오/제약/신약개발  006620  동구바이오제약                   1.75   165950903360  1. 상승 추세 / 추세 확대중
104  바이오/제약/신약개발  445680  큐리옥스바이오시스템즈           7.64   511922666000  2. 상승 추세 / 눌림목
    Sector      Code  Name                  ChagesRatio          Marcap  MACD
--  --------  ------  ------------------  -------------  --------------  ---------------------
19  방위산업  012450  한화에어로스페이스           2.96  39492327835000  2. 상승 추세 / 눌림목
    Sector      Code  Name              ChagesRatio        Marcap  MACD
--  --------  ------  --------------  -------------  ------------  ---------------------
81  보험      211050  인카금융서비스          -0.44  580591740000  2. 상승 추세 / 눌림목
     Sector          Code  Name          ChagesRatio        Marcap  MACD
---  ------------  ------  ----------  -------------  ------------  ---------------------
 31  신재생에너지  018000  유니슨              -2.33  264216738600  2. 상승 추세 / 눌림목
101  신재생에너지  389260  대명에너지           4.85  405790000000  2. 상승 추세 / 눌림목
    Sector          Code  Name                ChagesRatio         Marcap  MACD
--  ------------  ------  ----------------  -------------  -------------  ---------------------
80  엔터테인먼트  200350  아티스트스튜디오          -6.22   185526224000  2. 상승 추세 / 눌림목
96  엔터테인먼트  321820  아티스트컴퍼니            -5.66   202687888000  2. 상승 추세 / 눌림목
44  엔터테인먼트  041510  에스엠                     1.25  2974020231000  2. 상승 추세 / 눌림목
70  엔터테인먼트  114090  GKL                        4.4    909896905700  2. 상승 추세 / 눌림목
    Sector      Code  Name            ChagesRatio        Marcap  MACD
--  --------  ------  ------------  -------------  ------------  ---------------------
37  유통      032350  롯데관광개발           7.08  968652346590  2. 상승 추세 / 눌림목
    Sector       Code  Name            ChagesRatio         Marcap  MACD
--  ---------  ------  ------------  -------------  -------------  ---------------------
33  유통/소매  025980  아난티                 0.54   661175905880  2. 상승 추세 / 눌림목
40  유통/소매  034230  파라다이스             2.07  1175594490630  2. 상승 추세 / 눌림목
23  유통/소매  013990  아가방컴퍼니           2.49   176277192960  2. 상승 추세 / 눌림목
    Sector      Code  Name        ChagesRatio          Marcap  MACD
--  --------  ------  --------  -------------  --------------  --------------------------
28  유틸리티  015760  한국전력          -0.82  19323118717700  1. 상승 추세 / 추세 확대중
     Sector      Code  Name              ChagesRatio        Marcap  MACD
---  --------  ------  --------------  -------------  ------------  --------------------------
 63  음식료    073560  우리손에프앤지          -0.95  100533057636  2. 상승 추세 / 눌림목
105  음식료    453340  현대그린푸드            -0.76  563966890800  2. 상승 추세 / 눌림목
 98  음식료    353810  이지바이오              -0.39  170702707200  2. 상승 추세 / 눌림목
  9  음식료    005610  SPC삼립                  0.57  458200377900  2. 상승 추세 / 눌림목
 27  음식료    014710  사조씨푸드               0.68  101589403700  1. 상승 추세 / 추세 확대중
    Sector      Code  Name      ChagesRatio        Marcap  MACD
--  --------  ------  ------  -------------  ------------  ---------------------
14  의류      009270  신원             -5.1  182295392632  2. 상승 추세 / 눌림목
    Sector         Code  Name            ChagesRatio        Marcap  MACD
--  -----------  ------  ------------  -------------  ------------  ---------------------
58  자동차 부품  065500  오리엔트정공          -7.17  197123483520  2. 상승 추세 / 눌림목
49  자동차 부품  048430  유라테크               1.77  112435200000  2. 상승 추세 / 눌림목
 7  자동차 부품  004100  태양금속               1.93  106430000000  2. 상승 추세 / 눌림목
    Sector      Code  Name          ChagesRatio        Marcap  MACD
--  --------  ------  ----------  -------------  ------------  ---------------------
54  전력기기  060310  3S                  -0.93  113015755200  2. 상승 추세 / 눌림목
47  전력기기  045390  대아티아이           3.16  322063332890  2. 상승 추세 / 눌림목
    Sector            Code  Name          ChagesRatio        Marcap  MACD
--  --------------  ------  ----------  -------------  ------------  ---------------------
 2  정유/화학/가스  002020  코오롱              -2.58  429298484000  2. 상승 추세 / 눌림목
17  정유/화학/가스  011330  유니켐              -1.94  152632078374  2. 상승 추세 / 눌림목
38  정유/화학/가스  033500  동성화인텍          -0.77  773728945200  2. 상승 추세 / 눌림목
 6  정유/화학/가스  003650  미창석유            -0.67  180577953600  2. 상승 추세 / 눌림목
    Sector      Code  Name        ChagesRatio        Marcap  MACD
--  --------  ------  --------  -------------  ------------  ---------------------
24  제지      014160  대영포장           -2.7  124978914997  2. 상승 추세 / 눌림목
    Sector              Code  Name          ChagesRatio          Marcap  MACD
--  ----------------  ------  ----------  -------------  --------------  --------------------------
30  조선/기계/중공업  017960  한국카본            -0.45   1136795098800  1. 상승 추세 / 추세 확대중
15  조선/기계/중공업  010620  HD현대미포           0.1    7736794261300  2. 상승 추세 / 눌림목
16  조선/기계/중공업  010660  화천기계             3.49    117480000000  2. 상승 추세 / 눌림목
57  조선/기계/중공업  064350  현대로템             3.83  16589628536000  2. 상승 추세 / 눌림목
    Sector      Code  Name      ChagesRatio        Marcap  MACD
--  --------  ------  ------  -------------  ------------  --------------------------
42  증권      038540  상상인           -0.7  109384074801  1. 상승 추세 / 추세 확대중
    Sector      Code  Name          ChagesRatio        Marcap  MACD
--  --------  ------  ----------  -------------  ------------  --------------------------
64  지주회사  084690  대상홀딩스           2.44  365384508420  2. 상승 추세 / 눌림목
29  지주회사  016880  웅진                 3.64  170644315800  1. 상승 추세 / 추세 확대중
    Sector               Code  Name      ChagesRatio        Marcap  MACD
--  -----------------  ------  ------  -------------  ------------  ---------------------
99  진단기기/의료기기  377450  리파인          -1.43  190456700000  2. 상승 추세 / 눌림목
    Sector         Code  Name                ChagesRatio        Marcap  MACD
--  -----------  ------  ----------------  -------------  ------------  --------------------------
35  창업투자/VC  026890  스틱인베스트먼트          -7.03  424700603250  2. 상승 추세 / 눌림목
36  창업투자/VC  027830  대성창투                   1.57  101304000000  2. 상승 추세 / 눌림목
85  창업투자/VC  241520  DSC인베스트먼트           11.13  188730000000  1. 상승 추세 / 추세 확대중
    Sector           Code  Name          ChagesRatio        Marcap  MACD
--  -------------  ------  ----------  -------------  ------------  --------------------------
95  철강/비철금속  306200  세아제강           -10.12  430833970000  2. 상승 추세 / 눌림목
13  철강/비철금속  008970  동양철관            -5.59  220821704334  2. 상승 추세 / 눌림목
25  철강/비철금속  014280  금강공업            -2.41  130808932220  2. 상승 추세 / 눌림목
62  철강/비철금속  069460  대호에이엘          -1.2   122915256924  1. 상승 추세 / 추세 확대중
    Sector      Code  Name          ChagesRatio        Marcap  MACD
--  --------  ------  ----------  -------------  ------------  --------------------------
41  통신      036630  세종텔레콤          12.88  140200000000  1. 상승 추세 / 추세 확대중
    Sector        Code  Name        ChagesRatio          Marcap  MACD
--  ----------  ------  --------  -------------  --------------  ---------------------
20  필수소비재  012690  모나리자          -0.36    102582370275  2. 상승 추세 / 눌림목
39  필수소비재  033780  KT&G               0.33  14720737138200  2. 상승 추세 / 눌림목
    Sector      Code  Name      ChagesRatio        Marcap  MACD
--  --------  ------  ------  -------------  ------------  --------------------------
83  헬스케어  216080  제테마          -2.58  244196507580  1. 상승 추세 / 추세 확대중
     Sector         Code  Name          ChagesRatio        Marcap  MACD
---  -----------  ------  ----------  -------------  ------------  --------------------------
 43  홈리빙/가구  039020  이건홀딩스          -1.53  102082884680  1. 상승 추세 / 추세 확대중
  4  홈리빙/가구  002450  삼익악기            -0.24  113706829240  2. 상승 추세 / 눌림목
 26  홈리빙/가구  014470  부방                 1.27  100527483240  2. 상승 추세 / 눌림목
102  홈리빙/가구  407400  꿈비                 3.51  106091201590  1. 상승 추세 / 추세 확대중
     Sector      Code  Name          ChagesRatio         Marcap  MACD
---  --------  ------  ----------  -------------  -------------  ---------------------
108  화장품    950140  잉글우드랩           1.14   212188808880  2. 상승 추세 / 눌림목
 88  화장품    278470  에이피알             6.85  4638055576000  2. 상승 추세 / 눌림목
