Time for screening with MACD: 6.86 (s)
Number of screened stocks: 674
     Sector      Code  Name            ChagesRatio        Marcap  MACD
---  --------  ------  ------------  -------------  ------------  --------------------------
493  AI        163280  에어레인              -1.43  169218132300  1. 상승 추세 / 추세 확대중
214  AI        029480  광무                  -1.1   152012389500  2. 상승 추세 / 눌림목
659  AI        456010  아이씨티케이           0.58  254053396680  2. 상승 추세 / 눌림목
520  AI        210120  캔버스엔               1.36  114257721225  2. 상승 추세 / 눌림목
280  AI        039980  폴라리스AI             3.07  207183782400  2. 상승 추세 / 눌림목
636  AI        389140  포바이포               8.22  218031860700  2. 상승 추세 / 눌림목
597  AI        304100  솔트룩스              11.88  422750294800  1. 상승 추세 / 추세 확대중
     Sector          Code  Name                ChagesRatio          Marcap  MACD
---  ------------  ------  ----------------  -------------  --------------  --------------------------
612  IT소프트웨어  347890  엠투아이                  -8.91    100295299720  2. 상승 추세 / 눌림목
281  IT소프트웨어  040350  크레오에스지              -3.66    116889220415  2. 상승 추세 / 눌림목
599  IT소프트웨어  307950  현대오토에버              -3.07   3811933498000  2. 상승 추세 / 눌림목
461  IT소프트웨어  124500  아이티센글로벌            -2.99    255945932810  2. 상승 추세 / 눌림목
251  IT소프트웨어  035510  신세계 I&C                -2.38    183429408000  2. 상승 추세 / 눌림목
250  IT소프트웨어  035150  백산                      -2.29    307912500000  2. 상승 추세 / 눌림목
199  IT소프트웨어  023590  다우기술                  -1.68   1184478688800  2. 상승 추세 / 눌림목
225  IT소프트웨어  032190  다우데이타                -1.35    643057000000  1. 상승 추세 / 추세 확대중
252  IT소프트웨어  035600  KG이니시스                -1.32    247438817320  1. 상승 추세 / 추세 확대중
300  IT소프트웨어  046440  KG모빌리언스              -0.91    165917150730  1. 상승 추세 / 추세 확대중
267  IT소프트웨어  036800  나이스정보통신            -0.74    202000000000  2. 상승 추세 / 눌림목
405  IT소프트웨어  092130  이크레더블                -0.13    188602776000  1. 상승 추세 / 추세 확대중
363  IT소프트웨어  078000  텔코웨어                   0       119474195610  2. 상승 추세 / 눌림목
644  IT소프트웨어  417790  트루엔                     0       102406741500  1. 상승 추세 / 추세 확대중
449  IT소프트웨어  115310  인포바인                   0       119413824200  2. 상승 추세 / 눌림목
278  IT소프트웨어  039570  HDC랩스                    0.11    238550353190  1. 상승 추세 / 추세 확대중
368  IT소프트웨어  079940  가비아                     0.23    300492184800  1. 상승 추세 / 추세 확대중
162  IT소프트웨어  012750  에스원                     0.45   2526945337000  2. 상승 추세 / 눌림목
577  IT소프트웨어  286940  롯데이노베이트             0.58    288214441350  1. 상승 추세 / 추세 확대중
626  IT소프트웨어  377300  카카오페이                 0.79   5138557139450  2. 상승 추세 / 눌림목
567  IT소프트웨어  267850  아시아나IDT                0.87    128538000000  2. 상승 추세 / 눌림목
254  IT소프트웨어  035720  카카오                     1.05  19059842379250  2. 상승 추세 / 눌림목
487  IT소프트웨어  158430  아톤                       1.22    143585347290  2. 상승 추세 / 눌림목
668  IT소프트웨어  484870  엠앤씨솔루션               1.55   1198245510000  2. 상승 추세 / 눌림목
305  IT소프트웨어  051160  지어소프트                 1.66    151185181100  2. 상승 추세 / 눌림목
527  IT소프트웨어  214180  헥토이노베이션             1.7     172982399340  1. 상승 추세 / 추세 확대중
337  IT소프트웨어  064800  포니링크                   1.72    158481049520  1. 상승 추세 / 추세 확대중
258  IT소프트웨어  036030  케이티알파                 2.2     216175038030  1. 상승 추세 / 추세 확대중
388  IT소프트웨어  086960  MDS테크                    2.44    128465354592  1. 상승 추세 / 추세 확대중
156  IT소프트웨어  011690  와이투솔루션               2.81    120512628230  2. 상승 추세 / 눌림목
282  IT소프트웨어  041020  폴라리스오피스             2.92    280451808720  2. 상승 추세 / 눌림목
515  IT소프트웨어  204610  티쓰리                     3.07    119454710560  2. 상승 추세 / 눌림목
401  IT소프트웨어  090850  현대이지웰                 3.1     149839537910  2. 상승 추세 / 눌림목
414  IT소프트웨어  093640  케이알엠                   3.12    129448694280  1. 상승 추세 / 추세 확대중
416  IT소프트웨어  094480  갤럭시아머니트리           3.6     338945800320  1. 상승 추세 / 추세 확대중
665  IT소프트웨어  472850  폰드그룹                   4.46    295623547620  1. 상승 추세 / 추세 확대중
586  IT소프트웨어  294570  쿠콘                       4.49    226628538500  1. 상승 추세 / 추세 확대중
310  IT소프트웨어  052400  코나아이                   4.6     661901575950  2. 상승 추세 / 눌림목
314  IT소프트웨어  053300  한국정보인증               5.11    252950511560  2. 상승 추세 / 눌림목
219  IT소프트웨어  030520  한글과컴퓨터               5.34    596030689600  1. 상승 추세 / 추세 확대중
559  IT소프트웨어  257720  실리콘투                   9.96   3174822025200  1. 상승 추세 / 추세 확대중
625  IT소프트웨어  377030  비트맥스                  11.42    158046537390  1. 상승 추세 / 추세 확대중
315  IT소프트웨어  053580  웹케시                    21.72    247634263680  1. 상승 추세 / 추세 확대중
     Sector               Code  Name                  ChagesRatio           Marcap  MACD
---  -----------------  ------  ------------------  -------------  ---------------  --------------------------
215  IT하드웨어/반도체  029530  신도리코                    -5.29     469225349950  2. 상승 추세 / 눌림목
467  IT하드웨어/반도체  126730  코칩                        -2.28     109524564800  2. 상승 추세 / 눌림목
311  IT하드웨어/반도체  052710  아모텍                      -1.96     124082275410  2. 상승 추세 / 눌림목
497  IT하드웨어/반도체  179900  유티아이                    -1.96     403934152500  1. 상승 추세 / 추세 확대중
329  IT하드웨어/반도체  060720  KH바텍                      -1.46     240089261880  2. 상승 추세 / 눌림목
239  IT하드웨어/반도체  033640  네패스                      -1.27     178939407520  2. 상승 추세 / 눌림목
452  IT하드웨어/반도체  119830  아이텍                      -1.02     129166445280  2. 상승 추세 / 눌림목
362  IT하드웨어/반도체  077500  유니퀘스트                  -0.62     137592649740  2. 상승 추세 / 눌림목
536  IT하드웨어/반도체  222800  심텍                         0        569870618270  2. 상승 추세 / 눌림목
187  IT하드웨어/반도체  017900  광전자                       0.05     109455768307  1. 상승 추세 / 추세 확대중
415  IT하드웨어/반도체  093920  서원인텍                     0.18     103602000000  1. 상승 추세 / 추세 확대중
222  IT하드웨어/반도체  031330  에스에이엠티                 0.18     278486261595  1. 상승 추세 / 추세 확대중
556  IT하드웨어/반도체  254490  미래반도체                   0.21     205885880000  2. 상승 추세 / 눌림목
371  IT하드웨어/반도체  080420  모다이노칩                   0.66     182562514380  2. 상승 추세 / 눌림목
657  IT하드웨어/반도체  452430  사피엔반도체                 0.93     177404493600  2. 상승 추세 / 눌림목
412  IT하드웨어/반도체  093190  빅솔론                       1.04     111778038050  1. 상승 추세 / 추세 확대중
463  IT하드웨어/반도체  125210  아모그린텍                   1.09     106734231300  2. 상승 추세 / 눌림목
 15  IT하드웨어/반도체  000660  SK하이닉스                   1.47  151060490737500  2. 상승 추세 / 눌림목
654  IT하드웨어/반도체  450950  아스테라시스                 1.64     454151014380  2. 상승 추세 / 눌림목
649  IT하드웨어/반도체  424960  스마트레이더시스템           1.71     158341134000  2. 상승 추세 / 눌림목
406  IT하드웨어/반도체  092220  KEC                          1.74     152379224019  1. 상승 추세 / 추세 확대중
323  IT하드웨어/반도체  058470  리노공업                     2.53    3094201110000  2. 상승 추세 / 눌림목
339  IT하드웨어/반도체  065680  우주일렉트로                 3.33     286454601000  2. 상승 추세 / 눌림목
413  IT하드웨어/반도체  093520  매커스                       5.6      213352814400  1. 상승 추세 / 추세 확대중
664  IT하드웨어/반도체  464080  에스오에스랩                 6.24     244009254000  2. 상승 추세 / 눌림목
534  IT하드웨어/반도체  218410  RFHIC                        6.31     553524837800  1. 상승 추세 / 추세 확대중
468  IT하드웨어/반도체  127120  제이에스링크                 7.41     250359774720  2. 상승 추세 / 눌림목
529  IT하드웨어/반도체  214430  아이쓰리시스템              12.77     589861080000  1. 상승 추세 / 추세 확대중
     Sector      Code  Name          ChagesRatio         Marcap  MACD
---  --------  ------  ----------  -------------  -------------  --------------------------
293  가전제품  044340  위닉스              -0.93   113853717250  1. 상승 추세 / 추세 확대중
505  가전제품  192400  쿠쿠홀딩스          -0.17  1065087440750  2. 상승 추세 / 눌림목
269  가전제품  037070  파세코               1      141200000000  2. 상승 추세 / 눌림목
     Sector                           Code  Name              ChagesRatio        Marcap  MACD
---  -----------------------------  ------  --------------  -------------  ------------  --------------------------
535  건강기능식품 (유사: 헬스케어)  222040  코스맥스엔비티          13.44  118404720000  1. 상승 추세 / 추세 확대중
     Sector      Code  Name              ChagesRatio          Marcap  MACD
---  --------  ------  --------------  -------------  --------------  --------------------------
522  건설      210980  SK디앤디                -2.49    175189564620  2. 상승 추세 / 눌림목
196  건설      021320  KCC건설                 -2.13    108070000000  2. 상승 추세 / 눌림목
486  건설      151860  KG에코솔루션            -1.62    289902282180  1. 상승 추세 / 추세 확대중
603  건설      317400  자이에스앤디            -1.39    137871858600  2. 상승 추세 / 눌림목
209  건설      028050  삼성E&A                 -1.38   4204200000000  2. 상승 추세 / 눌림목
301  건설      047040  대우건설                -1.19   1731068287270  2. 상승 추세 / 눌림목
256  건설      035890  서희건설                -1.06    408829245003  2. 상승 추세 / 눌림목
210  건설      028100  동아지질                -0.94    210884656500  2. 상승 추세 / 눌림목
117  건설      006360  GS건설                  -0.44   1929862599500  2. 상승 추세 / 눌림목
164  건설      013120  동원개발                -0.39    231560655000  2. 상승 추세 / 눌림목
140  건설      009410  태영건설                -0.18    823037707830  2. 상승 추세 / 눌림목
316  건설      053690  한미글로벌              -0.11    191318823000  2. 상승 추세 / 눌림목
297  건설      045100  한양이엔지               0.06    293040000000  1. 상승 추세 / 추세 확대중
 47  건설      002150  도화엔지니어링           0.15    222889200000  1. 상승 추세 / 추세 확대중
 65  건설      003070  코오롱글로벌             0.22    171719706910  1. 상승 추세 / 추세 확대중
  7  건설      000210  DL                       0.34    930441249600  2. 상승 추세 / 눌림목
342  건설      066620  국보디자인               0.38    137475000000  1. 상승 추세 / 추세 확대중
622  건설      375500  DL이앤씨                 0.41   1876640715500  2. 상승 추세 / 눌림목
150  건설      010780  아이에스동서             0.48    638454542400  1. 상승 추세 / 추세 확대중
112  건설      005960  동부건설                 0.59    116569048040  2. 상승 추세 / 눌림목
 58  건설      002780  진흥기업                 0.79    111431356670  2. 상승 추세 / 눌림목
211  건설      028260  삼성물산                 1     25717451107200  2. 상승 추세 / 눌림목
155  건설      011560  세보엠이씨               1.04    112776300000  1. 상승 추세 / 추세 확대중
 19  건설      000720  현대건설                 2.98   7316073760500  2. 상승 추세 / 눌림목
 62  건설      002990  금호건설                 3.4     118204648200  1. 상승 추세 / 추세 확대중
     Sector      Code  Name                 ChagesRatio         Marcap  MACD
---  --------  ------  -----------------  -------------  -------------  --------------------------
444  건자재    108670  LX하우시스                 -2.21   277997770000  2. 상승 추세 / 눌림목
594  건자재    300720  한일시멘트                 -1.79  1250863412400  2. 상승 추세 / 눌림목
 54  건자재    002380  KCC                        -1.79  2683714242000  2. 상승 추세 / 눌림목
 21  건자재    000860  강남제비스코               -1.76   159380000000  2. 상승 추세 / 눌림목
246  건자재    034810  해성산업                   -1.76   236688350390  2. 상승 추세 / 눌림목
397  건자재    090350  노루페인트                 -1.44   177800000000  2. 상승 추세 / 눌림목
537  건자재    225190  LK삼양                     -1.14   153767773200  1. 상승 추세 / 추세 확대중
 45  건자재    002030  아세아                     -0.7    592937830000  2. 상승 추세 / 눌림목
 11  건자재    000390  삼화페인트                 -0.66   162948779310  2. 상승 추세 / 눌림목
465  건자재    126600  BGF에코머티리얼즈          -0.5    187673028010  1. 상승 추세 / 추세 확대중
 68  건자재    003120  일성아이에스               -0.3    263606000000  2. 상승 추세 / 눌림목
197  건자재    023410  유진기업                   -0.29   265562814405  2. 상승 추세 / 눌림목
200  건자재    023600  삼보판지                    0      143913000000  1. 상승 추세 / 추세 확대중
 39  건자재    001520  동양                        0.83   144403858115  1. 상승 추세 / 추세 확대중
154  건자재    011390  부산산업                    1.8    107606400000  2. 상승 추세 / 눌림목
499  건자재    183190  아세아시멘트                2.02   433969467400  2. 상승 추세 / 눌림목
495  건자재    175140  휴먼테크놀로지              3.73   131181483480  1. 상승 추세 / 추세 확대중
     Sector      Code  Name            ChagesRatio         Marcap  MACD
---  --------  ------  ------------  -------------  -------------  --------------------------
332  게임      063080  컴투스홀딩스          -0.47   138828791600  2. 상승 추세 / 눌림목
324  게임      058630  엠게임                 0      103582548100  1. 상승 추세 / 추세 확대중
419  게임      095660  네오위즈               0      559534489600  2. 상승 추세 / 눌림목
349  게임      069080  웹젠                   0.65   482682331800  2. 상승 추세 / 눌림목
538  게임      225570  넥슨게임즈             2.99   885160738560  1. 상승 추세 / 추세 확대중
584  게임      293490  카카오게임즈           3.03  1382212169160  1. 상승 추세 / 추세 확대중
508  게임      194480  데브시스터즈           5.55   522080820000  1. 상승 추세 / 추세 확대중
552  게임      251270  넷마블                 7.83  4736037960200  2. 상승 추세 / 눌림목
264  게임      036570  엔씨소프트             9.18  3587079663000  1. 상승 추세 / 추세 확대중
     Sector      Code  Name              ChagesRatio        Marcap  MACD
---  --------  ------  --------------  -------------  ------------  --------------------------
526  기타      213500  한솔제지                -1.04  203732930560  2. 상승 추세 / 눌림목
317  기타      054050  농우바이오               0.37  129526932880  2. 상승 추세 / 눌림목
531  기타      215200  메가스터디교육           1.15  570857011000  2. 상승 추세 / 눌림목
354  기타      070960  모나용평                 1.18  206973331900  2. 상승 추세 / 눌림목
372  기타      081000  일진다이아               2.22  183502437000  1. 상승 추세 / 추세 확대중
119  기타      006730  서부T&D                  5.12  541919307060  1. 상승 추세 / 추세 확대중
     Sector      Code  Name                  ChagesRatio        Marcap  MACD
---  --------  ------  ------------------  -------------  ------------  --------------------------
161  기타금융  012700  리드코프                    -3.65  146776049250  2. 상승 추세 / 눌림목
201  기타금융  023760  한국캐피탈                  -3.43  204199395672  2. 상승 추세 / 눌림목
124  기타금융  007330  푸른저축은행                -1.44  133784436000  2. 상승 추세 / 눌림목
613  기타금융  348950  제이알글로벌리츠            -0.18  547718400000  2. 상승 추세 / 눌림목
243  기타금융  034310  NICE                        -0.17  442199744220  2. 상승 추세 / 눌림목
390  기타금융  088260  이리츠코크렙                 0     293904977600  2. 상승 추세 / 눌림목
460  기타금융  123890  한국자산신탁                 0     302875466850  1. 상승 추세 / 추세 확대중
640  기타금융  400760  NH올원리츠                   0.27  160846988400  2. 상승 추세 / 눌림목
642  기타금융  404990  신한서부티엔디리츠           0.28  202000741240  1. 상승 추세 / 추세 확대중
304  기타금융  049720  고려신용정보                 0.48  148863000000  2. 상승 추세 / 눌림목
247  기타금융  034830  한국토지신탁                 0.85  297937291400  1. 상승 추세 / 추세 확대중
160  기타금융  012030  DB                           1.8   284258767329  1. 상승 추세 / 추세 확대중
248  기타금융  034950  한국기업평가                 2.13  435889344000  1. 상승 추세 / 추세 확대중
     Sector             Code  Name            ChagesRatio        Marcap  MACD
---  ---------------  ------  ------------  -------------  ------------  ---------------------
525  디스플레이 소재  213420  덕산네오룩스           0.13  926202976700  2. 상승 추세 / 눌림목
     Sector             Code  Name            ChagesRatio        Marcap  MACD
---  ---------------  ------  ------------  -------------  ------------  --------------------------
321  디스플레이 장비  056190  에스에프에이           0.48  755879398000  2. 상승 추세 / 눌림목
457  디스플레이 장비  122640  예스티                 0.62  303703297500  2. 상승 추세 / 눌림목
491  디스플레이 장비  161580  필옵틱스               1.03  784980607600  2. 상승 추세 / 눌림목
448  디스플레이 장비  114810  한솔아이원스           6.21  249332477280  1. 상승 추세 / 추세 확대중
     Sector             Code  Name      ChagesRatio        Marcap  MACD
---  ---------------  ------  ------  -------------  ------------  ---------------------
645  디스플레이 패널  418420  라온텍          -4.14  112400652390  2. 상승 추세 / 눌림목
     Sector      Code  Name            ChagesRatio         Marcap  MACD
---  --------  ------  ------------  -------------  -------------  --------------------------
570  로봇      270660  에브리봇              -1.75   206242500440  2. 상승 추세 / 눌림목
400  로봇      090710  휴림로봇               0.99   225436286685  2. 상승 추세 / 눌림목
398  로봇      090360  로보스타               1.22   241800000000  2. 상승 추세 / 눌림목
443  로봇      108490  로보티즈               4.68   827112516000  1. 상승 추세 / 추세 확대중
635  로봇      388720  유일로보틱스           5.35   858930344800  2. 상승 추세 / 눌림목
488  로봇      160190  하이젠알앤엠           7.32  1176832800000  2. 상승 추세 / 눌림목
     Sector      Code  Name                ChagesRatio         Marcap  MACD
---  --------  ------  ----------------  -------------  -------------  --------------------------
528  미디어    214320  이노션                    -1.16   718800000000  2. 상승 추세 / 눌림목
217  미디어    030000  제일기획                  -0.33  2105254417500  2. 상승 추세 / 눌림목
249  미디어    035000  HS애드                    -0.14   119285344800  1. 상승 추세 / 추세 확대중
646  미디어    418470  KT밀리의서재              -0.05   156726889160  2. 상승 추세 / 눌림목
292  미디어    043610  KT지니뮤직                 0      127272809220  1. 상승 추세 / 추세 확대중
271  미디어    037560  LG헬로비전                 0.99   197876740075  2. 상승 추세 / 눌림목
394  미디어    089600  KT나스미디어               1.1    181273114210  1. 상승 추세 / 추세 확대중
344  미디어    067160  SOOP                       1.3    986251008600  1. 상승 추세 / 추세 확대중
313  미디어    053210  스카이라이프               1.72   224308347600  1. 상승 추세 / 추세 확대중
242  미디어    034120  SBS                        3.66   499028302200  1. 상승 추세 / 추세 확대중
663  미디어    461300  아이스크림미디어           7.44   224403168990  2. 상승 추세 / 눌림목
     Sector      Code  Name          ChagesRatio        Marcap  MACD
---  --------  ------  ----------  -------------  ------------  --------------------------
553  미용기기  251970  펌텍코리아           1.62  700600000000  2. 상승 추세 / 눌림목
608  미용기기  335890  비올                 1.71  625084637500  1. 상승 추세 / 추세 확대중
     Sector                  Code  Name                      ChagesRatio         Marcap  MACD
---  --------------------  ------  ----------------------  -------------  -------------  --------------------------
611  바이오/제약/신약개발  338840  와이바이오로직스               -18.23   141912153600  2. 상승 추세 / 눌림목
592  바이오/제약/신약개발  299660  셀리드                          -7.86   165658369450  2. 상승 추세 / 눌림목
585  바이오/제약/신약개발  293780  압타바이오                      -5.59   218007829600  1. 상승 추세 / 추세 확대중
152  바이오/제약/신약개발  011000  진원생명과학                    -5.09   276829690580  2. 상승 추세 / 눌림목
598  바이오/제약/신약개발  307750  국전약품                        -4.31   221599786550  1. 상승 추세 / 추세 확대중
366  바이오/제약/신약개발  078160  메디포스트                      -4.06   331570336650  2. 상승 추세 / 눌림목
600  바이오/제약/신약개발  308430  셀비온                          -3.31   221208164320  2. 상승 추세 / 눌림목
475  바이오/제약/신약개발  138610  나이벡                          -2.97   378410256700  1. 상승 추세 / 추세 확대중
386  바이오/제약/신약개발  086890  이수앱지스                      -2.69   187271898060  2. 상승 추세 / 눌림목
470  바이오/제약/신약개발  128940  한미약품                        -2.25  3900946759500  2. 상승 추세 / 눌림목
628  바이오/제약/신약개발  378800  샤페론                          -1.84   112282790475  1. 상승 추세 / 추세 확대중
  0  바이오/제약/신약개발  000020  동화약품                        -1.67   181275240300  2. 상승 추세 / 눌림목
479  바이오/제약/신약개발  140410  메지온                          -1.5   1185289930000  2. 상승 추세 / 눌림목
343  바이오/제약/신약개발  067080  대화제약                        -1.4    300845064000  1. 상승 추세 / 추세 확대중
 24  바이오/제약/신약개발  001060  JW중외제약                      -1.29   533247797000  1. 상승 추세 / 추세 확대중
550  바이오/제약/신약개발  249420  일동제약                        -1.27   348536262420  2. 상승 추세 / 눌림목
501  바이오/제약/신약개발  185750  종근당                          -1.27  1180137690000  1. 상승 추세 / 추세 확대중
 70  바이오/제약/신약개발  003220  대원제약                        -1.22   308379266250  2. 상승 추세 / 눌림목
318  바이오/제약/신약개발  054670  대한뉴팜                        -1.21   105508662000  2. 상승 추세 / 눌림목
583  바이오/제약/신약개발  293480  하나제약                        -1.18   207765738740  2. 상승 추세 / 눌림목
389  바이오/제약/신약개발  087010  펩트론                          -1.08  5358390500000  2. 상승 추세 / 눌림목
494  바이오/제약/신약개발  170900  동아에스티                      -1.03   448926960000  2. 상승 추세 / 눌림목
382  바이오/제약/신약개발  084990  헬릭스미스                      -0.9    151875766115  1. 상승 추세 / 추세 확대중
338  바이오/제약/신약개발  065660  안트로젠                        -0.88   226137860000  2. 상승 추세 / 눌림목
302  바이오/제약/신약개발  048530  인트론바이오                    -0.8    148385060890  1. 상승 추세 / 추세 확대중
139  바이오/제약/신약개발  009290  광동제약                        -0.72   288314680500  2. 상승 추세 / 눌림목
235  바이오/제약/신약개발  033270  유나이티드제약                  -0.71   341376879800  2. 상승 추세 / 눌림목
420  바이오/제약/신약개발  095700  제넥신                          -0.7    225880850240  2. 상승 추세 / 눌림목
630  바이오/제약/신약개발  382150  온코크로스                      -0.64   166788046740  1. 상승 추세 / 추세 확대중
 57  바이오/제약/신약개발  002720  국제약품                        -0.61   103048381840  2. 상승 추세 / 눌림목
607  바이오/제약/신약개발  330350  위더스제약                      -0.51   104032855320  2. 상승 추세 / 눌림목
532  바이오/제약/신약개발  215600  신라젠                          -0.45   453756511260  2. 상승 추세 / 눌림목
569  바이오/제약/신약개발  270520  앱트뉴로사이언스                -0.42   186579173550  2. 상승 추세 / 눌림목
387  바이오/제약/신약개발  086900  메디톡스                        -0.41  1229066894800  2. 상승 추세 / 눌림목
 63  바이오/제약/신약개발  003000  부광약품                        -0.25   273476410645  2. 상승 추세 / 눌림목
510  바이오/제약/신약개발  195940  HK이노엔                        -0.24  1178523465600  2. 상승 추세 / 눌림목
 31  바이오/제약/신약개발  001360  삼성제약                        -0.19   151977595506  2. 상승 추세 / 눌림목
190  바이오/제약/신약개발  019170  신풍제약                        -0.17   623633332300  2. 상승 추세 / 눌림목
481  바이오/제약/신약개발  141080  리가켐바이오                    -0.17  4199205768600  2. 상승 추세 / 눌림목
178  바이오/제약/신약개발  016580  환인제약                        -0.08   219108824600  1. 상승 추세 / 추세 확대중
403  바이오/제약/신약개발  092040  아미코젠                         0      242080726800  2. 상승 추세 / 눌림목
588  바이오/제약/신약개발  298380  에이비엘바이오                   0.12  3916210164900  2. 상승 추세 / 눌림목
621  바이오/제약/신약개발  372320  큐로셀                           0.17   429707430000  2. 상승 추세 / 눌림목
116  바이오/제약/신약개발  006280  녹십자                           0.24  1490033595000  2. 상승 추세 / 눌림목
500  바이오/제약/신약개발  183490  엔지켐생명과학                   0.25   101313084342  2. 상승 추세 / 눌림목
502  바이오/제약/신약개발  187420  HLB제넥스                        0.28   104015098740  2. 상승 추세 / 눌림목
103  바이오/제약/신약개발  005500  삼진제약                         0.33   251729000000  1. 상승 추세 / 추세 확대중
430  바이오/제약/신약개발  101140  인바이오젠                       0.33   122438993040  2. 상승 추세 / 눌림목
203  바이오/제약/신약개발  023910  대한약품                         0.35   171000000000  2. 상승 추세 / 눌림목
545  바이오/제약/신약개발  237690  에스티팜                         0.38  1602154596000  1. 상승 추세 / 추세 확대중
513  바이오/제약/신약개발  200670  휴메딕스                         0.38   600801255000  2. 상승 추세 / 눌림목
333  바이오/제약/신약개발  063160  종근당바이오                     0.66   125079933600  1. 상승 추세 / 추세 확대중
104  바이오/제약/신약개발  005690  파미셀                           0.77   710000684120  2. 상승 추세 / 눌림목
571  바이오/제약/신약개발  271980  제일약품                         0.85   191163336000  1. 상승 추세 / 추세 확대중
504  바이오/제약/신약개발  191420  테고사이언스                     0.97   160473824860  1. 상승 추세 / 추세 확대중
595  바이오/제약/신약개발  302440  SK바이오사이언스                 1.11  3573633012000  1. 상승 추세 / 추세 확대중
226  바이오/제약/신약개발  032300  한국파마                         1.71   162400777890  1. 상승 추세 / 추세 확대중
118  바이오/제약/신약개발  006620  동구바이오제약                   1.75   165950903360  2. 상승 추세 / 눌림목
 40  바이오/제약/신약개발  001540  안국약품                         1.8    103035118000  1. 상승 추세 / 추세 확대중
549  바이오/제약/신약개발  246710  티앤알바이오팹                   2.24   103101571980  2. 상승 추세 / 눌림목
435  바이오/제약/신약개발  102940  코오롱생명과학                   2.33   355308868200  1. 상승 추세 / 추세 확대중
308  바이오/제약/신약개발  052020  에스티큐브                       2.48   448689720600  2. 상승 추세 / 눌림목
558  바이오/제약/신약개발  256940  킵스파마                         2.57   312660720900  2. 상승 추세 / 눌림목
312  바이오/제약/신약개발  053030  바이넥스                         2.8    588969067760  1. 상승 추세 / 추세 확대중
517  바이오/제약/신약개발  204840  지엘팜텍                         2.8    101594071920  2. 상승 추세 / 눌림목
540  바이오/제약/신약개발  226950  올릭스                           4.24  1119283225200  1. 상승 추세 / 추세 확대중
530  바이오/제약/신약개발  214450  파마리서치                       4.99  4976295600000  1. 상승 추세 / 추세 확대중
482  바이오/제약/신약개발  144510  지씨셀                           5      348397585200  1. 상승 추세 / 추세 확대중
373  바이오/제약/신약개발  082270  젬백스                           5.02  2124130929300  1. 상승 추세 / 추세 확대중
544  바이오/제약/신약개발  235980  메드팩토                         5.09   127332074515  1. 상승 추세 / 추세 확대중
557  바이오/제약/신약개발  256840  한국비엔씨                       5.37   402845878540  1. 상승 추세 / 추세 확대중
352  바이오/제약/신약개발  069620  대웅제약                         6.18  1952337887500  1. 상승 추세 / 추세 확대중
638  바이오/제약/신약개발  389470  인벤티지랩                       6.97   458896440300  2. 상승 추세 / 눌림목
285  바이오/제약/신약개발  041910  폴라리스AI파마                   7.42   117328964830  2. 상승 추세 / 눌림목
653  바이오/제약/신약개발  445680  큐리옥스바이오시스템즈           7.64   511922666000  1. 상승 추세 / 추세 확대중
 66  바이오/제약/신약개발  003090  대웅                             8.28  1595997351000  1. 상승 추세 / 추세 확대중
616  바이오/제약/신약개발  358570  지아이이노베이션                 8.87  1187923183440  1. 상승 추세 / 추세 확대중
     Sector         Code  Name              ChagesRatio         Marcap  MACD
---  -----------  ------  --------------  -------------  -------------  ---------------------
404  반도체 소재  092070  디엔에프                -1.32   129373372440  2. 상승 추세 / 눌림목
440  반도체 소재  104830  원익머트리얼즈          -0.25   256572800000  2. 상승 추세 / 눌림목
431  반도체 소재  101160  월덱스                   0      308260239310  2. 상승 추세 / 눌림목
615  반도체 소재  357550  석경에이티               0.5    273841000000  2. 상승 추세 / 눌림목
336  반도체 소재  064760  티씨케이                 1.83  1041410000000  2. 상승 추세 / 눌림목
     Sector         Code  Name            ChagesRatio         Marcap  MACD
---  -----------  ------  ------------  -------------  -------------  --------------------------
648  반도체 장비  420770  기가비스              -1.52   328935920100  2. 상승 추세 / 눌림목
383  반도체 장비  086390  유니테스트            -1.04   220851616700  2. 상승 추세 / 눌림목
377  반도체 장비  083450  GST                   -0.17   333951600000  2. 상승 추세 / 눌림목
643  반도체 장비  417500  제이아이테크           0.74   112123824480  1. 상승 추세 / 추세 확대중
276  반도체 장비  039030  이오테크닉스           0.76  1786334750000  2. 상승 추세 / 눌림목
410  반도체 장비  092870  엑시콘                 0.85   139774035870  2. 상승 추세 / 눌림목
489  반도체 장비  160980  싸이맥스               1.54   129780006840  2. 상승 추세 / 눌림목
620  반도체 장비  370090  퓨런티어               2.23   165061250700  2. 상승 추세 / 눌림목
650  반도체 장비  425420  티에프이               2.46   283955950000  1. 상승 추세 / 추세 확대중
423  반도체 장비  098460  고영                   2.92  1064148702500  2. 상승 추세 / 눌림목
480  반도체 장비  140860  파크시스템스           5.33  1796424089000  1. 상승 추세 / 추세 확대중
     Sector      Code  Name             ChagesRatio         Marcap  MACD
---  --------  ------  -------------  -------------  -------------  --------------------------
524  방위산업  211270  AP위성                 -1.54   192299376000  2. 상승 추세 / 눌림목
617  방위산업  361390  제노코                 -0.73   143490093570  2. 상승 추세 / 눌림목
345  방위산업  067390  아스트                 -0.51   231562341294  2. 상승 추세 / 눌림목
 81  방위산업  003570  SNT다이내믹스           6.9   1493046095300  1. 상승 추세 / 추세 확대중
     Sector      Code  Name              ChagesRatio          Marcap  MACD
---  --------  ------  --------------  -------------  --------------  --------------------------
 13  보험      000540  흥국화재                -4.64    257291793225  2. 상승 추세 / 눌림목
 20  보험      000810  삼성화재                -4.08  17852328140000  2. 상승 추세 / 눌림목
110  보험      005830  DB손해보험              -2.19   6959640000000  2. 상승 추세 / 눌림목
 35  보험      001450  현대해상                -1.64   2141130000000  2. 상승 추세 / 눌림목
391  보험      088350  한화생명                -1.52   2527422300000  2. 상승 추세 / 눌림목
 10  보험      000370  한화손해보험            -0.66    531162063250  2. 상승 추세 / 눌림목
523  보험      211050  인카금융서비스          -0.44    580591740000  1. 상승 추세 / 추세 확대중
 84  보험      003690  코리안리                 0.32   1805990957370  2. 상승 추세 / 눌림목
232  보험      032830  삼성생명                 1.01  19980000000000  2. 상승 추세 / 눌림목
548  보험      244920  에이플러스에셋           1.5     138133004230  1. 상승 추세 / 추세 확대중
    Sector       Code  Name        ChagesRatio        Marcap  MACD
--  ---------  ------  --------  -------------  ------------  --------------------------
86  섬유/의류  003830  대한화섬           0.15  172640000000  1. 상승 추세 / 추세 확대중
 1  섬유/의류  000050  경방               2.87  206162830400  2. 상승 추세 / 눌림목
     Sector          Code  Name                  ChagesRatio         Marcap  MACD
---  ------------  ------  ------------------  -------------  -------------  --------------------------
143  신재생에너지  009830  한화솔루션                   0.34  5139586826400  2. 상승 추세 / 눌림목
446  신재생에너지  112610  씨에스윈드                   1.01  2102244439550  1. 상승 추세 / 추세 확대중
159  신재생에너지  011930  신성이엔지                   2.4    298685667101  2. 상승 추세 / 눌림목
575  신재생에너지  282720  금양그린파워                 3.33   131617770000  2. 상승 추세 / 눌림목
631  신재생에너지  382900  범한퓨얼셀                   4.3    150864420000  2. 상승 추세 / 눌림목
637  신재생에너지  389260  대명에너지                   4.85   405790000000  1. 상승 추세 / 추세 확대중
429  신재생에너지  100840  SNT에너지                    4.93   881001355800  2. 상승 추세 / 눌림목
666  신재생에너지  475150  SK이터닉스                   5.9    697020967300  2. 상승 추세 / 눌림목
609  신재생에너지  336260  두산퓨얼셀                   6.24  1170372883620  2. 상승 추세 / 눌림목
604  신재생에너지  322000  HD현대에너지솔루션           8.19   584640000000  1. 상승 추세 / 추세 확대중
     Sector          Code  Name                  ChagesRatio         Marcap  MACD
---  ------------  ------  ------------------  -------------  -------------  --------------------------
624  엔터테인먼트  376300  디어유                      -3.48  1251013996200  2. 상승 추세 / 눌림목
255  엔터테인먼트  035760  CJ ENM                      -1.79  1324520901600  1. 상승 추세 / 추세 확대중
456  엔터테인먼트  121440  골프존홀딩스                -1.65   230033712660  2. 상승 추세 / 눌림목
261  엔터테인먼트  036420  콘텐트리중앙                -1.07   232110811400  1. 상승 추세 / 추세 확대중
328  엔터테인먼트  060570  드림어스컴퍼니              -0.21   142849151397  2. 상승 추세 / 눌림목
547  엔터테인먼트  241840  에이스토리                   0.27   107134132620  2. 상승 추세 / 눌림목
673  엔터테인먼트  950190  고스트스튜디오               0.62   104787324950  1. 상승 추세 / 추세 확대중
554  엔터테인먼트  253450  스튜디오드래곤               0.94  1448819603600  1. 상승 추세 / 추세 확대중
283  엔터테인먼트  041510  에스엠                       1.25  2974020231000  2. 상승 추세 / 눌림목
578  엔터테인먼트  289220  자이언트스텝                 1.34   151946225010  2. 상승 추세 / 눌림목
593  엔터테인먼트  299900  위지윅스튜디오               1.65   220995158128  2. 상승 추세 / 눌림목
303  엔터테인먼트  048910  대원미디어                   1.75   138997353300  2. 상승 추세 / 눌림목
601  엔터테인먼트  310200  애니플러스                   2.26   177303915625  2. 상승 추세 / 눌림목
257  엔터테인먼트  035900  JYP Ent.                     3.08  2736001884000  1. 상승 추세 / 추세 확대중
270  엔터테인먼트  037270  YG PLUS                      3.71   407851106300  1. 상승 추세 / 추세 확대중
647  엔터테인먼트  419530  SAMG엔터                     3.72   684132540000  1. 상승 추세 / 추세 확대중
447  엔터테인먼트  114090  GKL                          4.4    909896905700  1. 상승 추세 / 추세 확대중
458  엔터테인먼트  122870  와이지엔터테인먼트           6.17  1607430214000  1. 상승 추세 / 추세 확대중
519  엔터테인먼트  207760  미스터블루                  18.84   131016817791  2. 상승 추세 / 눌림목
     Sector            Code  Name            ChagesRatio         Marcap  MACD
---  --------------  ------  ------------  -------------  -------------  --------------------------
193  운송/항공/물류  020560  아시아나항공          -1.29  2051667481560  2. 상승 추세 / 눌림목
572  운송/항공/물류  272450  진에어                -1.05   491202000000  2. 상승 추세 / 눌림목
 52  운송/항공/물류  002320  한진                  -0.98   301942085600  2. 상승 추세 / 눌림목
590  운송/항공/물류  298690  에어부산              -0.45   255441600000  2. 상승 추세 / 눌림목
 92  운송/항공/물류  004360  세방                  -0.22   266073748200  2. 상승 추세 / 눌림목
101  운송/항공/물류  005430  한국공항              -0.19   168450086000  2. 상승 추세 / 눌림목
212  운송/항공/물류  028670  팬오션                 0     1980580041960  2. 상승 추세 / 눌림목
418  운송/항공/물류  095570  AJ네트웍스             0.38   178295870460  1. 상승 추세 / 추세 확대중
462  운송/항공/물류  124560  태웅로직스             0.51   111095591120  1. 상승 추세 / 추세 확대중
 77  운송/항공/물류  003490  대한항공               0.67  8340197971650  2. 상승 추세 / 눌림목
294  운송/항공/물류  044450  KSS해운                0.72   227395918000  2. 상승 추세 / 눌림목
 67  운송/항공/물류  003100  선광                   0.73   136290000000  1. 상승 추세 / 추세 확대중
274  운송/항공/물류  038390  레드캡투어             0.85   198977781800  2. 상승 추세 / 눌림목
     Sector      Code  Name              ChagesRatio          Marcap  MACD
---  --------  ------  --------------  -------------  --------------  ---------------------
634  원자력    388050  지투파워                -4.26    163894668120  2. 상승 추세 / 눌림목
442  원자력    105840  우진                    -2.43    178345426100  2. 상승 추세 / 눌림목
241  원자력    034020  두산에너빌리티           1.49  26230978928700  2. 상승 추세 / 눌림목
     Sector      Code  Name              ChagesRatio         Marcap  MACD
---  --------  ------  --------------  -------------  -------------  --------------------------
122  유통      007070  GS리테일                -2.54  1249930854250  2. 상승 추세 / 눌림목
272  유통      037710  광주신세계              -1.05   223994898500  2. 상승 추세 / 눌림목
 26  유통      001120  LX인터내셔널            -0.88  1087218000000  2. 상승 추세 / 눌림목
 60  유통      002810  삼영무역                -0.2    276265542080  2. 상승 추세 / 눌림목
667  유통      481070  에이유브랜즈             0      284616000000  2. 상승 추세 / 눌림목
629  유통      381970  케이카                   1.79   740076641280  1. 상승 추세 / 추세 확대중
516  유통      204620  글로벌텍스프리           2.53   427322646400  1. 상승 추세 / 추세 확대중
227  유통      032350  롯데관광개발             7.08   968652346590  1. 상승 추세 / 추세 확대중
670  유통      499790  GS피앤엘                 7.26   644502332500  1. 상승 추세 / 추세 확대중
     Sector       Code  Name            ChagesRatio         Marcap  MACD
---  ---------  ------  ------------  -------------  -------------  --------------------------
353  유통/소매  069960  현대백화점            -1.81  1599857079100  2. 상승 추세 / 눌림목
357  유통/소매  071840  롯데하이마트          -0.89   184612307840  2. 상승 추세 / 눌림목
381  유통/소매  084680  이월드                -0.42   203350080762  2. 상승 추세 / 눌림목
 17  유통/소매  000680  LS네트웍스             0.28   286054948080  1. 상승 추세 / 추세 확대중
346  유통/소매  067830  세이브존I&C            0.39   106501122525  1. 상승 추세 / 추세 확대중
134  유통/소매  008770  호텔신라               0.5   1956518831850  2. 상승 추세 / 눌림목
207  유통/소매  025980  아난티                 0.54   661175905880  1. 상승 추세 / 추세 확대중
322  유통/소매  057050  현대홈쇼핑             0.55   658800000000  2. 상승 추세 / 눌림목
348  유통/소매  067990  도이치모터스           1.16   140363255500  1. 상승 추세 / 추세 확대중
618  유통/소매  362320  청담글로벌             1.66   128833894800  1. 상승 추세 / 추세 확대중
395  유통/소매  089860  롯데렌탈               1.68  1205471681600  1. 상승 추세 / 추세 확대중
334  유통/소매  063170  서울옥션               3.45   143971562700  2. 상승 추세 / 눌림목
434  유통/소매  102370  케이옥션               3.81   103879436150  2. 상승 추세 / 눌림목
     Sector            Code  Name        ChagesRatio        Marcap  MACD
---  --------------  ------  --------  -------------  ------------  --------------------------
370  유통/항공/물류  080160  모두투어           2.75  233415000000  1. 상승 추세 / 추세 확대중
     Sector      Code  Name            ChagesRatio         Marcap  MACD
---  --------  ------  ------------  -------------  -------------  --------------------------
262  유틸리티  036460  한국가스공사          -3.51  3683288700000  2. 상승 추세 / 눌림목
356  유틸리티  071320  지역난방공사          -1.14   903142032000  2. 상승 추세 / 눌림목
347  유틸리티  067900  와이엔텍              -1.04   121755718710  2. 상승 추세 / 눌림목
 98  유틸리티  005090  SGC에너지             -0.21   348705858600  1. 상승 추세 / 추세 확대중
450  유틸리티  117580  대성에너지            -0.13   213950000000  1. 상승 추세 / 추세 확대중
 93  유틸리티  004690  삼천리                 0.15   544184355000  2. 상승 추세 / 눌림목
244  유틸리티  034590  인천도시가스           0.39   111337489300  1. 상승 추세 / 추세 확대중
566  유틸리티  267290  경동도시가스           0.47   113427611440  1. 상승 추세 / 추세 확대중
469  유틸리티  128820  대성산업               5.05   169406865110  1. 상승 추세 / 추세 확대중
     Sector      Code  Name            ChagesRatio          Marcap  MACD
---  --------  ------  ------------  -------------  --------------  --------------------------
441  은행      105560  KB금융                -4.12  39352842300000  2. 상승 추세 / 눌림목
320  은행      055550  신한지주              -3.96  27667987227000  2. 상승 추세 / 눌림목
385  은행      086790  하나금융지주          -3.71  20106861600000  2. 상승 추세 / 눌림목
605  은행      323410  카카오뱅크             2.34  11471595959850  1. 상승 추세 / 추세 확대중
     Sector      Code  Name            ChagesRatio         Marcap  MACD
---  --------  ------  ------------  -------------  -------------  --------------------------
 87  음식료    003960  사조대림              -3.61   366578680000  2. 상승 추세 / 눌림목
574  음식료    280360  롯데웰푸드            -1.85  1088635158000  2. 상승 추세 / 눌림목
  3  음식료    000080  하이트진로            -1.78  1391450842240  2. 상승 추세 / 눌림목
240  음식료    033920  무학                  -1.39   223155000000  2. 상승 추세 / 눌림목
123  음식료    007160  사조산업              -1.29   248250000000  2. 상승 추세 / 눌림목
130  음식료    008040  사조동아원            -1.21   161610567000  2. 상승 추세 / 눌림목
306  음식료    051500  CJ프레시웨이          -1.14   309848394600  2. 상승 추세 / 눌림목
224  음식료    031440  신세계푸드            -0.86   134375056000  2. 상승 추세 / 눌림목
 73  음식료    003380  하림지주              -0.58   955407947130  2. 상승 추세 / 눌림목
126  음식료    007540  샘표                  -0.33   129411000000  2. 상승 추세 / 눌림목
 96  음식료    004970  신라교역               0      151680000000  1. 상승 추세 / 추세 확대중
483  음식료    145990  삼양사                 0      525985899000  1. 상승 추세 / 추세 확대중
568  음식료    267980  매일유업               0      290606787900  1. 상승 추세 / 추세 확대중
432  음식료    101530  해태제과식품           0      203526585780  1. 상승 추세 / 추세 확대중
202  음식료    023900  풍국주정               0.11   114156000000  1. 상승 추세 / 추세 확대중
168  음식료    014710  사조씨푸드             0.68   101589403700  1. 상승 추세 / 추세 확대중
562  음식료    264900  크라운제과             0.7    107955587000  1. 상승 추세 / 추세 확대중
560  음식료    260970  에스앤디               1.67   263819164800  2. 상승 추세 / 눌림목
 27  음식료    001130  대한제분               1.97   244712000000  1. 상승 추세 / 추세 확대중
472  음식료    136490  선진                   7.02   242789756840  2. 상승 추세 / 눌림목
     Sector      Code  Name                  ChagesRatio         Marcap  MACD
---  --------  ------  ------------------  -------------  -------------  --------------------------
 48  의류      002170  삼양통상                    -4.75   150300000000  2. 상승 추세 / 눌림목
223  의류      031430  신세계인터내셔날            -4.03   370394640000  2. 상승 추세 / 눌림목
 94  의류      004700  조광피혁                    -2.37   382990348800  2. 상승 추세 / 눌림목
671  의류      900140  엘브이엠씨홀딩스            -2.01   358654241792  1. 상승 추세 / 추세 확대중
445  의류      111770  영원무역                    -1.65  2645394639600  2. 상승 추세 / 눌림목
411  의류      093050  LF                          -1.5    479828400000  2. 상승 추세 / 눌림목
145  의류      009970  영원무역홀딩스              -1.08  1629453244000  2. 상승 추세 / 눌림목
632  의류      383220  F&F                         -1.06  2861538502500  2. 상승 추세 / 눌림목
236  의류      033290  코웰패션                    -0.68   122701517685  1. 상승 추세 / 추세 확대중
192  의류      020000  한섬                        -0.5    359677084410  1. 상승 추세 / 추세 확대중
100  의류      005390  신성통상                    -0.34   426095376350  1. 상승 추세 / 추세 확대중
108  의류      005800  신영와코루                  -0.33   109170000000  2. 상승 추세 / 눌림목
 82  의류      003610  방림                        -0.12   165833901750  2. 상승 추세 / 눌림목
 69  의류      003200  일신방직                     1.25   242228000000  1. 상승 추세 / 추세 확대중
589  의류      298540  더네이쳐홀딩스               1.8    167636810240  1. 상승 추세 / 추세 확대중
265  의류      036620  감성코퍼레이션               2.11   486780000000  2. 상승 추세 / 눌림목
 36  의류      001460  BYC                          2.79   229858320000  1. 상승 추세 / 추세 확대중
507  의류      194370  제이에스코퍼레이션           4.67   338293348800  1. 상승 추세 / 추세 확대중
     Sector           Code  Name              ChagesRatio        Marcap  MACD
---  -------------  ------  --------------  -------------  ------------  --------------------------
464  이차전지 소재  126340  비나텍                   1.79  181295861100  2. 상승 추세 / 눌림목
396  이차전지 소재  089980  상아프론테크             2.63  262060316430  2. 상승 추세 / 눌림목
610  이차전지 소재  336370  솔루스첨단소재          13.29  682512583680  1. 상승 추세 / 추세 확대중
     Sector           Code  Name            ChagesRatio        Marcap  MACD
---  -------------  ------  ------------  -------------  ------------  --------------------------
533  이차전지 장비  217820  원익피앤이            -2.88  128127309300  2. 상승 추세 / 눌림목
591  이차전지 장비  299030  하나기술              -0.64  186281403000  1. 상승 추세 / 추세 확대중
581  이차전지 장비  290670  대보마그네틱           1.82  175618701000  1. 상승 추세 / 추세 확대중
402  이차전지 장비  091580  상신이디피             4.23  111557193030  1. 상승 추세 / 추세 확대중
     Sector         Code  Name            ChagesRatio         Marcap  MACD
---  -----------  ------  ------------  -------------  -------------  --------------------------
  8  자동차 부품  000240  한국앤컴퍼니          -7.68  1779086397600  2. 상승 추세 / 눌림목
144  자동차 부품  009900  명신산업              -2.99   425532778630  2. 상승 추세 / 눌림목
422  자동차 부품  098070  한텍                  -2.88   449294096400  2. 상승 추세 / 눌림목
359  자동차 부품  073010  케이에스피            -2.21   177444368750  2. 상승 추세 / 눌림목
291  자동차 부품  043370  피에이치에이          -1.94   212520000000  2. 상승 추세 / 눌림목
147  자동차 부품  010100  한국무브넥스          -1.74   128805276600  2. 상승 추세 / 눌림목
125  자동차 부품  007340  DN오토모티브          -1.14  1269685770500  2. 상승 추세 / 눌림목
142  자동차 부품  009680  모토닉                -0.86   290878500000  2. 상승 추세 / 눌림목
341  자동차 부품  066590  우수AMS               -0.79   123080277600  2. 상승 추세 / 눌림목
106  자동차 부품  005720  넥센                  -0.69   309484187060  2. 상승 추세 / 눌림목
238  자동차 부품  033530  SJG세종               -0.11   124081486060  1. 상승 추세 / 추세 확대중
182  자동차 부품  016740  두올                   0.15   101897722920  1. 상승 추세 / 추세 확대중
 53  자동차 부품  002350  넥센타이어             0.45   658281490980  1. 상승 추세 / 추세 확대중
651  자동차 부품  437730  삼현                   0.76   422661868110  2. 상승 추세 / 눌림목
129  자동차 부품  007860  서연                   0.85   223997711760  1. 상승 추세 / 추세 확대중
451  자동차 부품  118990  모트렉스               1.1    229476167700  2. 상승 추세 / 눌림목
105  자동차 부품  005710  대원산업               1.27   191559456000  2. 상승 추세 / 눌림목
351  자동차 부품  069510  에스텍                 1.34   156558500000  2. 상승 추세 / 눌림목
514  자동차 부품  204270  제이앤티씨             1.52   966069382200  2. 상승 추세 / 눌림목
273  자동차 부품  038110  에코플라스틱           1.99   126801659600  1. 상승 추세 / 추세 확대중
     Sector      Code  Name              ChagesRatio          Marcap  MACD
---  --------  ------  --------------  -------------  --------------  --------------------------
417  전력기기  094820  일진파워                -1.77    167373669900  2. 상승 추세 / 눌림목
 34  전력기기  001440  대한전선                -1.1    2356693872000  2. 상승 추세 / 눌림목
231  전력기기  032820  우리기술                -0.9     360643576080  2. 상승 추세 / 눌림목
564  전력기기  267260  HD현대일렉트릭          -0.26  13625817030000  2. 상승 추세 / 눌림목
213  전력기기  029460  케이씨                  -0.22    293734038600  2. 상승 추세 / 눌림목
485  전력기기  147830  제룡산업                 0.16    126200000000  2. 상승 추세 / 눌림목
511  전력기기  199820  제일일렉트릭             0.74    210645600000  1. 상승 추세 / 추세 확대중
115  전력기기  006260  LS                       0.88   5174540000000  2. 상승 추세 / 눌림목
259  전력기기  036190  금화피에스시             1.4     174300000000  2. 상승 추세 / 눌림목
340  전력기기  065710  서호전기                 1.49    211150000000  2. 상승 추세 / 눌림목
369  전력기기  079960  동양이엔피               1.59    175671000000  1. 상승 추세 / 추세 확대중
233  전력기기  033100  제룡전기                 1.99    534878219700  2. 상승 추세 / 눌림목
331  전력기기  062040  산일전기                 2.24   2085496200000  2. 상승 추세 / 눌림목
375  전력기기  082920  비츠로셀                 2.32    655288902450  2. 상승 추세 / 눌림목
587  전력기기  298040  효성중공업               2.91   5939737076000  1. 상승 추세 / 추세 확대중
298  전력기기  045390  대아티아이               3.16    322063332890  2. 상승 추세 / 눌림목
453  전력기기  119850  지엔씨에너지             3.85    444120543000  2. 상승 추세 / 눌림목
658  전력기기  453450  그리드위즈               6.61    153771640000  2. 상승 추세 / 눌림목
582  전력기기  290690  소룩스                   6.85    211939506910  1. 상승 추세 / 추세 확대중
     Sector            Code  Name            ChagesRatio         Marcap  MACD
---  --------------  ------  ------------  -------------  -------------  --------------------------
 71  정유/화학/가스  003240  태광산업              -4.93  1029895000000  2. 상승 추세 / 눌림목
 44  정유/화학/가스  002020  코오롱                -2.58   429298484000  1. 상승 추세 / 추세 확대중
455  정유/화학/가스  120110  코오롱인더            -2.39   898498321150  2. 상승 추세 / 눌림목
 88  정유/화학/가스  004000  롯데정밀화학          -1.85   959760000000  2. 상승 추세 / 눌림목
174  정유/화학/가스  015890  태경산업              -1.76   147020612500  2. 상승 추세 / 눌림목
 61  정유/화학/가스  002960  한국쉘석유            -1.37   516100000000  2. 상승 추세 / 눌림목
490  정유/화학/가스  161000  애경케미칼            -1.12   558973666410  1. 상승 추세 / 추세 확대중
237  정유/화학/가스  033500  동성화인텍            -0.77   773728945200  2. 상승 추세 / 눌림목
 83  정유/화학/가스  003650  미창석유              -0.67   180577953600  1. 상승 추세 / 추세 확대중
188  정유/화학/가스  017940  E1                    -0.67   508326000000  2. 상승 추세 / 눌림목
167  정유/화학/가스  014680  한솔케미칼            -0.6   1498512779000  1. 상승 추세 / 추세 확대중
169  정유/화학/가스  014830  유니드                -0.55   612467800000  2. 상승 추세 / 눌림목
206  정유/화학/가스  025000  KPX케미칼             -0.54   221914000000  2. 상승 추세 / 눌림목
 32  정유/화학/가스  001390  KG케미칼              -0.45   300921430800  1. 상승 추세 / 추세 확대중
198  정유/화학/가스  023450  동남합성              -0.44   119525000000  2. 상승 추세 / 눌림목
433  정유/화학/가스  102260  동성케미컬            -0.37   203216003550  2. 상승 추세 / 눌림목
127  정유/화학/가스  007690  국도화학              -0.3    307459622400  2. 상승 추세 / 눌림목
393  정유/화학/가스  089470  HDC현대EP              0      123612500000  1. 상승 추세 / 추세 확대중
438  정유/화학/가스  104480  티케이케미칼           0.19   140251654662  1. 상승 추세 / 추세 확대중
166  정유/화학/가스  014530  극동유화               0.29   121171234500  1. 상승 추세 / 추세 확대중
185  정유/화학/가스  017390  서울가스               0.33   301500000000  1. 상승 추세 / 추세 확대중
471  정유/화학/가스  134380  미원화학               0.63   175501586400  1. 상승 추세 / 추세 확대중
151  정유/화학/가스  010950  S-Oil                  1.1   6192053560000  2. 상승 추세 / 눌림목
 46  정유/화학/가스  002100  경농                   1.7    186440591250  1. 상승 추세 / 추세 확대중
 55  정유/화학/가스  002460  HS화성                 1.84   106879500000  1. 상승 추세 / 추세 확대중
576  정유/화학/가스  285130  SK케미칼               2.61  1016247818700  1. 상승 추세 / 추세 확대중
376  정유/화학/가스  083420  그린케미칼             3.02   196560000000  2. 상승 추세 / 눌림목
133  정유/화학/가스  008730  율촌화학               9.53   783680000000  1. 상승 추세 / 추세 확대중
     Sector      Code  Name            ChagesRatio        Marcap  MACD
---  --------  ------  ------------  -------------  ------------  --------------------------
153  제지      011280  태림포장              -0.22  158251275900  2. 상승 추세 / 눌림목
 49  제지      002200  한국수출포장           0     117800000000  1. 상승 추세 / 추세 확대중
179  제지      016590  신대양제지             1.78  391694810400  1. 상승 추세 / 추세 확대중
 51  제지      002310  아세아제지             2.91  309329549300  1. 상승 추세 / 추세 확대중
171  제지      014970  삼륭물산               4.12  118580000000  2. 상승 추세 / 눌림목
     Sector              Code  Name                ChagesRatio          Marcap  MACD
---  ----------------  ------  ----------------  -------------  --------------  --------------------------
170  조선/기계/중공업  014940  오리엔탈정공              -2.74    274809175830  2. 상승 추세 / 눌림목
268  조선/기계/중공업  036890  진성티이씨                -1.33    250002820160  2. 상승 추세 / 눌림목
141  조선/기계/중공업  009540  HD한국조선해양            -1.26  22116598750000  1. 상승 추세 / 추세 확대중
521  조선/기계/중공업  210540  디와이파워                -1.04    137027596280  2. 상승 추세 / 눌림목
163  조선/기계/중공업  013030  하이록코리아              -0.71    346116692300  2. 상승 추세 / 눌림목
148  조선/기계/중공업  010140  삼성중공업                -0.65  14775200000000  1. 상승 추세 / 추세 확대중
290  조선/기계/중공업  042670  HD현대인프라코어          -0.63   1808429790480  1. 상승 추세 / 추세 확대중
137  조선/기계/중공업  009160  SIMPAC                    -0.61    318641742920  2. 상승 추세 / 눌림목
186  조선/기계/중공업  017800  현대엘리베이터            -0.4    2955384306000  2. 상승 추세 / 눌림목
289  조선/기계/중공업  042660  한화오션                  -0.26  23838962053200  2. 상승 추세 / 눌림목
165  조선/기계/중공업  013570  디와이                    -0.12    114095609055  1. 상승 추세 / 추세 확대중
424  조선/기계/중공업  100090  SK오션플랜트              -0.05   1137146861280  2. 상승 추세 / 눌림목
652  조선/기계/중공업  443060  HD현대마린솔루션           0.06   8064774879000  1. 상승 추세 / 추세 확대중
 91  조선/기계/중공업  004250  NPC                        0.11    163954800000  1. 상승 추세 / 추세 확대중
361  조선/기계/중공업  075580  세진중공업                 0.27    635008423520  2. 상승 추세 / 눌림목
656  조선/기계/중공업  452280  한선엔지니어링             0.28    121723537500  2. 상승 추세 / 눌림목
157  조선/기계/중공업  011700  한신기계                   0.31    104314375465  2. 상승 추세 / 눌림목
662  조선/기계/중공업  460930  현대힘스                   0.48    736845636800  2. 상승 추세 / 눌림목
565  조선/기계/중공업  267270  HD현대건설기계             0.99   1257519376800  2. 상승 추세 / 눌림목
263  조선/기계/중공업  036530  SNT홀딩스                  1.73    862475569400  1. 상승 추세 / 추세 확대중
374  조선/기계/중공업  082740  한화엔진                   1.98   2365726475700  2. 상승 추세 / 눌림목
437  조선/기계/중공업  104460  디와이피엔에프             2.32    184060077500  2. 상승 추세 / 눌림목
327  조선/기계/중공업  060370  LS마린솔루션               2.8     599473470900  2. 상승 추세 / 눌림목
466  조선/기계/중공업  126720  수산인더스트리             3.07    383579100000  2. 상승 추세 / 눌림목
149  조선/기계/중공업  010660  화천기계                   3.49    117480000000  1. 상승 추세 / 추세 확대중
335  조선/기계/중공업  064350  현대로템                   3.83  16589628536000  1. 상승 추세 / 추세 확대중
606  조선/기계/중공업  329180  HD현대중공업               5.55  37994893648000  2. 상승 추세 / 눌림목
     Sector      Code  Name            ChagesRatio         Marcap  MACD
---  --------  ------  ------------  -------------  -------------  --------------------------
 30  증권      001270  부국증권              -6.9    356724078400  2. 상승 추세 / 눌림목
221  증권      030610  교보증권              -4.99   846744800230  2. 상승 추세 / 눌림목
355  증권      071050  한국금융지주          -2.87  5845656560800  2. 상승 추세 / 눌림목
 42  증권      001750  한양증권              -2.85   199837983800  2. 상승 추세 / 눌림목
 37  증권      001500  현대차증권            -2.52   430976316680  2. 상승 추세 / 눌림목
 75  증권      003470  유안타증권            -2.35   664656598080  2. 상승 추세 / 눌림목
175  증권      016360  삼성증권              -2.15  5286560000000  2. 상승 추세 / 눌림목
 78  증권      003530  한화투자증권          -2.02   937573776750  2. 상승 추세 / 눌림목
 28  증권      001200  유진투자증권          -0.74   323533836120  1. 상승 추세 / 추세 확대중
275  증권      038540  상상인                -0.7    109384074801  1. 상승 추세 / 추세 확대중
364  증권      078020  LS증권                -0.67   248278325250  1. 상승 추세 / 추세 확대중
 74  증권      003460  유화증권              -0.19   148843839375  1. 상승 추세 / 추세 확대중
111  증권      005940  NH투자증권            -0.17  5636142465790  1. 상승 추세 / 추세 확대중
277  증권      039490  키움증권              -0.12  3975017054400  1. 상승 추세 / 추세 확대중
218  증권      030210  다올투자증권           0.28   218670870540  1. 상승 추세 / 추세 확대중
120  증권      006800  미래에셋증권           0.45  8908342292960  1. 상승 추세 / 추세 확대중
 79  증권      003540  대신증권               0.65  1172865540000  1. 상승 추세 / 추세 확대중
180  증권      016610  DB증권                 0.67   317074525830  1. 상승 추세 / 추세 확대중
 38  증권      001510  SK증권                 1.37   279300791061  1. 상승 추세 / 추세 확대중
     Sector      Code  Name                    ChagesRatio          Marcap  MACD
---  --------  ------  --------------------  -------------  --------------  --------------------------
 64  지주회사  003030  세아제강지주                  -8.06    921518682500  2. 상승 추세 / 눌림목
 76  지주회사  003480  한진중공업홀딩스              -4.68    156508003600  2. 상승 추세 / 눌림목
641  지주회사  402340  SK스퀘어                      -3.92  14619256637400  2. 상승 추세 / 눌림목
107  지주회사  005740  크라운해태홀딩스              -3.34    103040588180  2. 상승 추세 / 눌림목
208  지주회사  027410  BGF                           -3.29    394353178920  1. 상승 추세 / 추세 확대중
358  지주회사  072710  농심홀딩스                    -3.21    350153145000  2. 상승 추세 / 눌림목
128  지주회사  007700  F&F홀딩스                     -3.19    592973803720  2. 상승 추세 / 눌림목
 33  지주회사  001430  세아베스틸지주                -2.99    814070101300  2. 상승 추세 / 눌림목
476  지주회사  138930  BNK금융지주                   -2.8    3422622829250  2. 상승 추세 / 눌림목
 43  지주회사  001940  KISCO홀딩스                   -2.7     332436111000  2. 상승 추세 / 눌림목
496  지주회사  175330  JB금융지주                    -2.6    3564028525360  2. 상승 추세 / 눌림목
  9  지주회사  000320  노루홀딩스                    -2.53    235253372700  2. 상승 추세 / 눌림목
121  지주회사  006840  AK홀딩스                      -2.26    154466561260  2. 상승 추세 / 눌림목
113  지주회사  005990  매일홀딩스                    -2.11    146237120640  2. 상승 추세 / 눌림목
541  지주회사  227840  현대코퍼레이션홀딩스          -2.05    108572973480  2. 상승 추세 / 눌림목
602  지주회사  316140  우리금융지주                  -1.97  14027553453890  2. 상승 추세 / 눌림목
319  지주회사  054800  아이디스홀딩스                -1.85    109686213600  1. 상승 추세 / 추세 확대중
330  지주회사  060980  HL홀딩스                      -1.73    372863723050  2. 상승 추세 / 눌림목
135  지주회사  008930  한미사이언스                  -1.69   2380025940000  2. 상승 추세 / 눌림목
  4  지주회사  000140  하이트진로홀딩스              -1.5     212806035050  2. 상승 추세 / 눌림목
220  지주회사  030530  원익홀딩스                    -1.48    411678438730  2. 상승 추세 / 눌림목
407  지주회사  092230  KPX홀딩스                     -1.35    277136777600  2. 상승 추세 / 눌림목
 41  지주회사  001630  종근당홀딩스                  -1.13    262516716400  2. 상승 추세 / 눌림목
633  지주회사  383800  LX홀딩스                      -1.09    622450430400  2. 상승 추세 / 눌림목
 18  지주회사  000700  유수홀딩스                    -0.99    155990453880  2. 상승 추세 / 눌림목
177  지주회사  016450  한세예스24홀딩스              -0.98    162400000000  2. 상승 추세 / 눌림목
477  지주회사  139130  iM금융지주                    -0.98   1840304732980  1. 상승 추세 / 추세 확대중
 56  지주회사  002620  제일파마홀딩스                -0.97    130502310350  2. 상승 추세 / 눌림목
102  지주회사  005440  현대지에프홀딩스              -0.94   1152132784390  2. 상승 추세 / 눌림목
 99  지주회사  005250  녹십자홀딩스                  -0.82    685671301800  2. 상승 추세 / 눌림목
 29  지주회사  001230  동국홀딩스                    -0.75    252495835020  2. 상승 추세 / 눌림목
 23  지주회사  001040  CJ                            -0.66   3950565529200  2. 상승 추세 / 눌림목
426  지주회사  100250  진양홀딩스                    -0.63    175511216880  2. 상승 추세 / 눌림목
158  지주회사  011760  현대코퍼레이션                -0.57    348583254100  2. 상승 추세 / 눌림목
367  지주회사  078930  GS                            -0.46   4027881636300  2. 상승 추세 / 눌림목
  5  지주회사  000150  두산                          -0.31   8038845727500  2. 상승 추세 / 눌림목
325  지주회사  058650  세아홀딩스                    -0.3     394400000000  2. 상승 추세 / 눌림목
 80  지주회사  003550  LG                            -0.28  11133382482000  2. 상승 추세 / 눌림목
245  지주회사  034730  SK                            -0.18  11846941670200  2. 상승 추세 / 눌림목
619  지주회사  363280  티와이홀딩스                  -0.18    138176194320  1. 상승 추세 / 추세 확대중
 97  지주회사  004990  롯데지주                       0      3126295262600  1. 상승 추세 / 추세 확대중
498  지주회사  180640  한진칼                         0      9433510022700  2. 상승 추세 / 눌림목
 14  지주회사  000640  동아쏘시오홀딩스               0       731426964600  1. 상승 추세 / 추세 확대중
287  지주회사  042420  네오위즈홀딩스                 0.22    197228765700  1. 상승 추세 / 추세 확대중
 90  지주회사  004150  한솔홀딩스                     0.36    114464269800  1. 상승 추세 / 추세 확대중
 12  지주회사  000480  CR홀딩스                       0.38    250864121500  1. 상승 추세 / 추세 확대중
  6  지주회사  000180  성창기업지주                   0.62    102116342400  1. 상승 추세 / 추세 확대중
146  지주회사  010060  OCI홀딩스                      0.85   1345266565500  2. 상승 추세 / 눌림목
563  지주회사  267250  HD현대                         1.07   8918319296500  1. 상승 추세 / 추세 확대중
109  지주회사  005810  풍산홀딩스                     1.25    467120260800  2. 상승 추세 / 눌림목
 72  지주회사  003300  한일홀딩스                     1.31    525084014520  1. 상승 추세 / 추세 확대중
173  지주회사  015860  일진홀딩스                     1.91    224284310235  1. 상승 추세 / 추세 확대중
114  지주회사  006120  SK디스커버리                   2.24    878862254500  1. 상승 추세 / 추세 확대중
 22  지주회사  000880  한화                           2.25   5786814342000  1. 상승 추세 / 추세 확대중
421  지주회사  096760  JW홀딩스                       2.28    265020917070  1. 상승 추세 / 추세 확대중
 59  지주회사  002790  아모레퍼시픽홀딩스             2.67   2137425042000  1. 상승 추세 / 추세 확대중
669  지주회사  487570  HS효성                         2.74    223928212700  1. 상승 추세 / 추세 확대중
181  지주회사  016710  대성홀딩스                     2.97    144805131000  1. 상승 추세 / 추세 확대중
 95  지주회사  004800  효성                           3.53   1081430292200  1. 상승 추세 / 추세 확대중
184  지주회사  016880  웅진                           3.64    170644315800  1. 상승 추세 / 추세 확대중
  2  지주회사  000070  삼양홀딩스                     7.21    684753245600  1. 상승 추세 / 추세 확대중
     Sector               Code  Name                  ChagesRatio         Marcap  MACD
---  -----------------  ------  ------------------  -------------  -------------  --------------------------
260  진단기기/의료기기  036220  오상헬스케어                -4.52   275823998160  2. 상승 추세 / 눌림목
380  진단기기/의료기기  084650  랩지노믹스                  -4.18   204159972500  2. 상승 추세 / 눌림목
518  진단기기/의료기기  205470  휴마시스                    -3.95   217350015120  2. 상승 추세 / 눌림목
555  진단기기/의료기기  253840  수젠텍                      -3.05   138466264000  2. 상승 추세 / 눌림목
672  진단기기/의료기기  950130  엑세스바이오                -2.43   227121548640  2. 상승 추세 / 눌림목
473  진단기기/의료기기  137310  에스디바이오센서            -1.63  1396462199940  2. 상승 추세 / 눌림목
627  진단기기/의료기기  377740  바이오노트                  -0.98   515383042400  2. 상승 추세 / 눌림목
299  진단기기/의료기기  046210  HLB파나진                   -0.81   106524514720  2. 상승 추세 / 눌림목
279  진단기기/의료기기  039860  나노엔텍                    -0.28   114472442330  1. 상승 추세 / 추세 확대중
427  진단기기/의료기기  100700  세운메디칼                   0      108405000000  2. 상승 추세 / 눌림목
639  진단기기/의료기기  389650  넥스트바이오메디컬           9.58   371807322000  1. 상승 추세 / 추세 확대중
     Sector         Code  Name                ChagesRatio        Marcap  MACD
---  -----------  ------  ----------------  -------------  ------------  --------------------------
253  창업투자/VC  035610  솔본                      -0.77  106375928330  2. 상승 추세 / 눌림목
194  창업투자/VC  021080  에이티넘인베스트           0.84  115680000000  2. 상승 추세 / 눌림목
428  창업투자/VC  100790  미래에셋벤처투자           3.06  268279401700  1. 상승 추세 / 추세 확대중
661  창업투자/VC  460870  에스엠씨지                 5.7   112628226600  2. 상승 추세 / 눌림목
     Sector           Code  Name            ChagesRatio         Marcap  MACD
---  -------------  ------  ------------  -------------  -------------  --------------------------
176  철강/비철금속  016380  KG스틸                -6.16   594052848180  2. 상승 추세 / 눌림목
136  철강/비철금속  008970  동양철관              -5.59   220821704334  2. 상승 추세 / 눌림목
439  철강/비철금속  104700  한국철강              -3.66   326227500000  2. 상승 추세 / 눌림목
409  철강/비철금속  092790  넥스틸                -3.25   394970380000  2. 상승 추세 / 눌림목
 89  철강/비철금속  004020  현대제철              -2.66  3663086798250  2. 상승 추세 / 눌림목
454  철강/비철금속  120030  조선선재              -2.15   126142395300  2. 상승 추세 / 눌림목
131  철강/비철금속  008260  NI스틸                -1.96   100100409500  2. 상승 추세 / 눌림목
 16  철강/비철금속  000670  영풍                  -1.75   750006662500  1. 상승 추세 / 추세 확대중
378  철강/비철금속  084010  대한제강              -1.71   391254573870  2. 상승 추세 / 눌림목
172  철강/비철금속  015230  대창단조              -1.59   158861598800  2. 상승 추세 / 눌림목
191  철강/비철금속  019440  세아특수강            -1.44   117666100000  2. 상승 추세 / 눌림목
350  철강/비철금속  069460  대호에이엘            -1.2    122915256924  2. 상승 추세 / 눌림목
614  철강/비철금속  354320  알멕                  -0.6    158825817850  1. 상승 추세 / 추세 확대중
 50  철강/비철금속  002240  고려제강              -0.57   470070000000  2. 상승 추세 / 눌림목
205  철강/비철금속  024800  유성티엔에스          -0.35   104486109840  2. 상승 추세 / 눌림목
478  철강/비철금속  139990  아주스틸               0.12   155602987210  1. 상승 추세 / 추세 확대중
425  철강/비철금속  100130  동국S&C                0.35   165143270000  2. 상승 추세 / 눌림목
436  철강/비철금속  103140  풍산                   1.13  1757122230600  2. 상승 추세 / 눌림목
 25  철강/비철금속  001080  만호제강               1.45   116200000000  1. 상승 추세 / 추세 확대중
295  철강/비철금속  044490  태웅                  20.09   550202977500  1. 상승 추세 / 추세 확대중
     Sector      Code  Name        ChagesRatio         Marcap  MACD
---  --------  ------  --------  -------------  -------------  ---------------------
216  카드      029780  삼성카드          -0.93  4958760534800  2. 상승 추세 / 눌림목
     Sector      Code  Name              ChagesRatio         Marcap  MACD
---  --------  ------  --------------  -------------  -------------  --------------------------
474  통신      138080  오이솔루션              -6.52   108153287100  1. 상승 추세 / 추세 확대중
542  통신      230240  에치에프알              -4.36   265381460000  2. 상승 추세 / 눌림목
228  통신      032500  케이엠더블유            -3.15   440418965980  1. 상승 추세 / 추세 확대중
503  통신      189300  인텔리안테크            -2.99   488366697000  2. 상승 추세 / 눌림목
360  통신      073490  이노와이어리스          -2.98   150860304640  1. 상승 추세 / 추세 확대중
392  통신      088800  에이스테크              -2.6    183858166790  1. 상승 추세 / 추세 확대중
561  통신      264450  유비쿼스                 0.13   115468284420  1. 상승 추세 / 추세 확대중
579  통신      289930  웨이비스                 0.55   115180255600  2. 상승 추세 / 눌림목
230  통신      032640  LG유플러스               0.62  5623554329680  2. 상승 추세 / 눌림목
266  통신      036630  세종텔레콤              12.88   140200000000  1. 상승 추세 / 추세 확대중
     Sector      Code  Name                ChagesRatio        Marcap  MACD
---  --------  ------  ----------------  -------------  ------------  --------------------------
543  헬스케어  234690  녹십자웰빙                -2.79  179653033120  1. 상승 추세 / 추세 확대중
379  헬스케어  084110  휴온스글로벌              -1.96  600248950000  2. 상승 추세 / 눌림목
580  헬스케어  290650  엘앤씨바이오              -1.77  642050516300  2. 상승 추세 / 눌림목
286  헬스케어  041920  메디아나                  -0.93  119400591660  2. 상승 추세 / 눌림목
623  헬스케어  376270  에이치이엠파마             0     159879003600  1. 상승 추세 / 추세 확대중
596  헬스케어  302550  리메드                     0.43  108233636000  2. 상승 추세 / 눌림목
229  헬스케어  032620  유비케어                   0.93  198610113895  2. 상승 추세 / 눌림목
326  헬스케어  059210  메타바이오메드             1.19  162471262840  2. 상승 추세 / 눌림목
309  헬스케어  052260  현대바이오랜드             1.59  144000000000  1. 상승 추세 / 추세 확대중
512  헬스케어  200130  콜마비앤에이치             1.66  449175570660  1. 상승 추세 / 추세 확대중
284  헬스케어  041830  인바디                     1.83  337022050000  1. 상승 추세 / 추세 확대중
660  헬스케어  458870  씨어스테크놀로지           2.95  246151704000  2. 상승 추세 / 눌림목
234  헬스케어  033230  인성정보                   3.57  109870951500  2. 상승 추세 / 눌림목
132  헬스케어  008490  서흥                       4.01  222242660730  2. 상승 추세 / 눌림목
288  헬스케어  042520  한스바이오메드             5.18  118085183910  1. 상승 추세 / 추세 확대중
509  헬스케어  194700  노바렉스                  14.87  331773261120  1. 상승 추세 / 추세 확대중
     Sector         Code  Name          ChagesRatio         Marcap  MACD
---  -----------  ------  ----------  -------------  -------------  ---------------------
138  홈리빙/가구  009240  한샘                -1.9    970774530000  2. 상승 추세 / 눌림목
183  홈리빙/가구  016800  퍼시스              -0.68   506575000000  2. 상승 추세 / 눌림목
 85  홈리빙/가구  003800  에이스침대          -0.55   302757000000  2. 상승 추세 / 눌림목
195  홈리빙/가구  021240  코웨이               2.47  6550922016300  2. 상승 추세 / 눌림목
     Sector      Code  Name                ChagesRatio         Marcap  MACD
---  --------  ------  ----------------  -------------  -------------  --------------------------
204  화장품    024720  콜마홀딩스                -3.27   416013621670  2. 상승 추세 / 눌림목
365  화장품    078140  대봉엘에스                -1.99   152773058620  1. 상승 추세 / 추세 확대중
307  화장품    051900  LG생활건강                -1.07  5036868532500  2. 상승 추세 / 눌림목
189  화장품    018250  애경산업                  -0.79   396149025000  2. 상승 추세 / 눌림목
399  화장품    090430  아모레퍼시픽               0.45  7855577533700  2. 상승 추세 / 눌림목
484  화장품    146320  비씨엔씨                   0.89   116589078530  2. 상승 추세 / 눌림목
551  화장품    251120  바이오에프디엔씨           1.08   146609502000  2. 상승 추세 / 눌림목
655  화장품    451250  삐아                       1.22   117143471970  2. 상승 추세 / 눌림목
296  화장품    044820  코스맥스비티아이           1.51   142330109220  1. 상승 추세 / 추세 확대중
492  화장품    161890  한국콜마                   2.29  2004071037300  2. 상승 추세 / 눌림목
459  화장품    123330  제닉                       2.46   298825500000  1. 상승 추세 / 추세 확대중
539  화장품    226320  잇츠한불                   2.55   273458558050  1. 상승 추세 / 추세 확대중
506  화장품    192820  코스맥스                   3.1   2457168698500  2. 상승 추세 / 눌림목
384  화장품    086710  선진뷰티사이언스           3.13   172920477600  2. 상승 추세 / 눌림목
408  화장품    092730  네오팜                     4.7    239458155660  1. 상승 추세 / 추세 확대중
546  화장품    241710  코스메카코리아             5.17   564972000000  1. 상승 추세 / 추세 확대중
573  화장품    278470  에이피알                   6.85  4638055576000  2. 상승 추세 / 눌림목
